[ 2016-12-20T15:46:39+08:00 ] 127.0.0.1 /
INFO: [ app_init ] --START--
INFO: Run Behavior\BuildLiteBehavior [ RunTime:0.000026s ]
INFO: [ app_init ] --END-- [ RunTime:0.026797s ]
INFO: [ app_begin ] --START--
INFO: Run Behavior\ReadHtmlCacheBehavior [ RunTime:0.011512s ]
INFO: [ app_begin ] --END-- [ RunTime:0.011645s ]
SQL: SHOW COLUMNS FROM `settings` [ RunTime:0.1310s ]
SQL: SELECT `value` FROM `settings` WHERE ( sid=2 ) LIMIT 1   [ RunTime:0.0791s ]
SQL: SELECT * FROM `settings`  [ RunTime:0.0003s ]
SQL: DELETE FROM `settings` WHERE `sid` = 3 [ RunTime:0.0090s ]
INFO: [ app_end ] --START--
INFO: Run Behavior\ShowPageTraceBehavior [ RunTime:0.046764s ]
INFO: [ app_end ] --END-- [ RunTime:0.046907s ]

[ 2016-12-20T15:46:46+08:00 ] 127.0.0.1 /home/text
INFO: [ app_init ] --START--
INFO: Run Behavior\BuildLiteBehavior [ RunTime:0.000019s ]
INFO: [ app_init ] --END-- [ RunTime:0.000371s ]
INFO: [ app_begin ] --START--
INFO: Run Behavior\ReadHtmlCacheBehavior [ RunTime:0.000543s ]
INFO: [ app_begin ] --END-- [ RunTime:0.000635s ]
SQL: SHOW COLUMNS FROM `settings` [ RunTime:0.0007s ]
SQL: SELECT `value` FROM `settings` LIMIT 1   [ RunTime:0.0002s ]
INFO: [ view_parse ] --START--
INFO: [ template_filter ] --START--
INFO: Run Behavior\ContentReplaceBehavior [ RunTime:0.010656s ]
INFO: [ template_filter ] --END-- [ RunTime:0.010770s ]
INFO: Run Behavior\ParseTemplateBehavior [ RunTime:0.129481s ]
INFO: [ view_parse ] --END-- [ RunTime:0.129590s ]
INFO: [ view_filter ] --START--
INFO: Run Behavior\WriteHtmlCacheBehavior [ RunTime:0.023664s ]
INFO: [ view_filter ] --END-- [ RunTime:0.023764s ]
INFO: [ app_end ] --START--
INFO: Run Behavior\ShowPageTraceBehavior [ RunTime:0.000599s ]
INFO: [ app_end ] --END-- [ RunTime:0.000687s ]

[ 2016-12-20T22:40:53+08:00 ] 127.0.0.1 /
INFO: [ app_init ] --START--
INFO: Run Behavior\BuildLiteBehavior [ RunTime:0.000068s ]
INFO: [ app_init ] --END-- [ RunTime:0.001025s ]
INFO: [ app_begin ] --START--
INFO: Run Behavior\ReadHtmlCacheBehavior [ RunTime:0.000558s ]
INFO: [ app_begin ] --END-- [ RunTime:0.000652s ]
SQL: SHOW COLUMNS FROM `settings` [ RunTime:0.0778s ]
SQL: SELECT `value` FROM `settings` WHERE ( sid=2 ) LIMIT 1   [ RunTime:0.0050s ]
SQL: SELECT * FROM `settings`  [ RunTime:0.0003s ]
SQL: DELETE FROM `settings` WHERE `sid` = 3 [ RunTime:0.0010s ]
INFO: [ app_end ] --START--
INFO: Run Behavior\ShowPageTraceBehavior [ RunTime:0.007018s ]
INFO: [ app_end ] --END-- [ RunTime:0.007132s ]

