[ 2016-12-24T17:22:29+08:00 ] 127.0.0.1 /
INFO: [ app_init ] --START--
INFO: Run Behavior\BuildLiteBehavior [ RunTime:0.000020s ]
INFO: [ app_init ] --END-- [ RunTime:0.010085s ]
INFO: [ app_begin ] --START--
INFO: Run Behavior\ReadHtmlCacheBehavior [ RunTime:0.000652s ]
INFO: [ app_begin ] --END-- [ RunTime:0.000781s ]
SQL: SHOW COLUMNS FROM `settings` [ RunTime:0.0086s ]
SQL: SELECT `value` FROM `settings` WHERE ( sid=2 ) LIMIT 1   [ RunTime:0.0006s ]
SQL: SELECT * FROM `settings`  [ RunTime:0.0003s ]
SQL: DELETE FROM `settings` WHERE `sid` = 3 [ RunTime:0.0003s ]
INFO: [ app_end ] --START--
INFO: Run Behavior\ShowPageTraceBehavior [ RunTime:0.000672s ]
INFO: [ app_end ] --END-- [ RunTime:0.000773s ]

[ 2016-12-24T21:05:08+08:00 ] 127.0.0.1 /
INFO: [ app_init ] --START--
INFO: Run Behavior\BuildLiteBehavior [ RunTime:0.000022s ]
INFO: [ app_init ] --END-- [ RunTime:0.013734s ]
INFO: [ app_begin ] --START--
INFO: Run Behavior\ReadHtmlCacheBehavior [ RunTime:0.000629s ]
INFO: [ app_begin ] --END-- [ RunTime:0.000732s ]
SQL: SHOW COLUMNS FROM `settings` [ RunTime:0.0376s ]
SQL: SELECT `value` FROM `settings` WHERE ( sid=2 ) LIMIT 1   [ RunTime:0.0005s ]
SQL: SELECT * FROM `settings`  [ RunTime:0.0005s ]
SQL: DELETE FROM `settings` WHERE `sid` = 3 [ RunTime:0.0003s ]
INFO: [ app_end ] --START--
INFO: Run Behavior\ShowPageTraceBehavior [ RunTime:0.000695s ]
INFO: [ app_end ] --END-- [ RunTime:0.000783s ]

