[ 2016-12-21T13:41:50+08:00 ] 127.0.0.1 /
INFO: [ app_init ] --START--
INFO: Run Behavior\BuildLiteBehavior [ RunTime:0.000020s ]
INFO: [ app_init ] --END-- [ RunTime:0.000473s ]
INFO: [ app_begin ] --START--
INFO: Run Behavior\ReadHtmlCacheBehavior [ RunTime:0.000630s ]
INFO: [ app_begin ] --END-- [ RunTime:0.000731s ]
SQL: SHOW COLUMNS FROM `settings` [ RunTime:0.0025s ]
SQL: SELECT `value` FROM `settings` WHERE ( sid=2 ) LIMIT 1   [ RunTime:0.0004s ]
SQL: SELECT * FROM `settings`  [ RunTime:0.0002s ]
SQL: DELETE FROM `settings` WHERE `sid` = 3 [ RunTime:0.0002s ]
INFO: [ app_end ] --START--
INFO: Run Behavior\ShowPageTraceBehavior [ RunTime:0.000643s ]
INFO: [ app_end ] --END-- [ RunTime:0.000737s ]

[ 2016-12-21T16:51:47+08:00 ] 127.0.0.1 /
INFO: [ app_init ] --START--
INFO: Run Behavior\BuildLiteBehavior [ RunTime:0.000021s ]
INFO: [ app_init ] --END-- [ RunTime:0.000340s ]
INFO: [ app_begin ] --START--
INFO: Run Behavior\ReadHtmlCacheBehavior [ RunTime:0.000411s ]
INFO: [ app_begin ] --END-- [ RunTime:0.000514s ]
SQL: SHOW COLUMNS FROM `settings` [ RunTime:0.0009s ]
SQL: SELECT `value` FROM `settings` WHERE ( sid=2 ) LIMIT 1   [ RunTime:0.0002s ]
SQL: SELECT * FROM `settings`  [ RunTime:0.0001s ]
SQL: DELETE FROM `settings` WHERE `sid` = 3 [ RunTime:0.0001s ]
INFO: [ app_end ] --START--
INFO: Run Behavior\ShowPageTraceBehavior [ RunTime:0.000563s ]
INFO: [ app_end ] --END-- [ RunTime:0.000656s ]

