[ 2017-01-14T18:13:24+08:00 ] 127.0.0.1 /
INFO: [ app_init ] --START--
INFO: Run Behavior\BuildLiteBehavior [ RunTime:0.000026s ]
INFO: [ app_init ] --END-- [ RunTime:0.014731s ]
INFO: [ app_begin ] --START--
INFO: Run Behavior\ReadHtmlCacheBehavior [ RunTime:0.014752s ]
INFO: [ app_begin ] --END-- [ RunTime:0.014871s ]
SQL: SHOW COLUMNS FROM `setting` [ RunTime:0.1022s ]
SQL: SELECT * FROM `setting`  [ RunTime:0.0005s ]
INFO: [ view_parse ] --START--
INFO: [ template_filter ] --START--
INFO: Run Behavior\ContentReplaceBehavior [ RunTime:0.000077s ]
INFO: [ template_filter ] --END-- [ RunTime:0.000180s ]
INFO: Run Behavior\ParseTemplateBehavior [ RunTime:0.050132s ]
INFO: [ view_parse ] --END-- [ RunTime:0.050278s ]
INFO: [ view_filter ] --START--
INFO: Run Behavior\WriteHtmlCacheBehavior [ RunTime:0.017332s ]
INFO: [ view_filter ] --END-- [ RunTime:0.017440s ]
INFO: [ app_end ] --START--
INFO: Run Behavior\ShowPageTraceBehavior [ RunTime:0.013640s ]
INFO: [ app_end ] --END-- [ RunTime:0.013756s ]

