[ 2017-01-01T16:39:30+08:00 ] 127.0.0.1 /
INFO: [ app_init ] --START--
INFO: Run Behavior\BuildLiteBehavior [ RunTime:0.000022s ]
INFO: [ app_init ] --END-- [ RunTime:0.000611s ]
INFO: [ app_begin ] --START--
INFO: Run Behavior\ReadHtmlCacheBehavior [ RunTime:0.012554s ]
INFO: [ app_begin ] --END-- [ RunTime:0.012679s ]
SQL: SHOW COLUMNS FROM `setting` [ RunTime:0.0642s ]
SQL: SELECT * FROM `setting`  [ RunTime:0.0003s ]
SQL: SHOW COLUMNS FROM `blog` [ RunTime:0.0380s ]
SQL: SELECT * FROM `blog`  [ RunTime:0.0003s ]
INFO: [ view_parse ] --START--
INFO: [ template_filter ] --START--
INFO: Run Behavior\ContentReplaceBehavior [ RunTime:0.000059s ]
INFO: [ template_filter ] --END-- [ RunTime:0.000156s ]
INFO: Run Behavior\ParseTemplateBehavior [ RunTime:0.083373s ]
INFO: [ view_parse ] --END-- [ RunTime:0.083516s ]
INFO: [ view_filter ] --START--
INFO: Run Behavior\WriteHtmlCacheBehavior [ RunTime:0.027540s ]
INFO: [ view_filter ] --END-- [ RunTime:0.027721s ]
INFO: [ app_end ] --START--
INFO: Run Behavior\ShowPageTraceBehavior [ RunTime:0.006216s ]
INFO: [ app_end ] --END-- [ RunTime:0.006358s ]

